<?xml version="1.0" encoding="UTF-8"?>
<!-- Generated by org.testng.reporters.JUnitReportReporter -->
<testsuite skipped="0" hostname="lap216-PC" name="org.practise.testng.Sample" tests="1" failures="0" timestamp="13 Aug 2019 04:42:14 GMT" time="16.328" errors="0">
  <testcase name="passstrng" time="16.328" classname="org.practise.testng.Sample"/>
</testsuite> <!-- org.practise.testng.Sample -->
